<?xml version="1.0" encoding="UTF-8"?>
<!-- Generated by org.testng.reporters.JUnitXMLReporter -->
<testsuite ignored="1" hostname="MSI" failures="1" tests="1" name="ChromeTest" time="0.149" errors="0" timestamp="2024-06-21T06:53:40 IST">
  <testcase classname="TestClasses.LoginTest" name="Invalid_UsernamePassword" time="0.0">
    <failure type="org.testng.TestNGException" message="
Cannot inject @Test annotated Method [Invalid_UsernamePassword] with [class java.lang.String, class java.lang.String, class java.lang.String].
For more information on native dependency injection please refer to https://testng.org/doc/documentation-main.html#native-dependency-injection">
      <![CDATA[org.testng.TestNGException: 
Cannot inject @Test annotated Method [Invalid_UsernamePassword] with [class java.lang.String, class java.lang.String, class java.lang.String].
For more information on native dependency injection please refer to https://testng.org/doc/documentation-main.html#native-dependency-injection
at java.base/java.util.ArrayList.forEach(ArrayList.java:1511)
... Removed 26 stack frames]]>
    </failure>
  </testcase> <!-- Invalid_UsernamePassword -->
  <testcase classname="TestClasses.LoginTest" name="SuccessfulLogin" time="0.0">
    <ignored/>
  </testcase> <!-- SuccessfulLogin -->
</testsuite> <!-- ChromeTest -->
