<?xml version="1.0" encoding="UTF-8"?>
<!-- Generated by org.testng.reporters.JUnitXMLReporter -->
<testsuite ignored="2" hostname="MSI" failures="0" tests="6" name="Test" time="77.86" errors="0" timestamp="2024-06-21T06:58:49 IST">
  <testcase classname="TestClasses.LoginTest" name="SuccessfulLogin" time="5.683"/>
  <testcase classname="TestClasses.LoginTest" name="SuccessfulLogin" time="2.165"/>
  <testcase classname="TestClasses.LoginTest" name="SuccessfulLogin" time="6.553"/>
  <testcase classname="TestClasses.LoginTest" name="SuccessfulLogin" time="2.595"/>
  <testcase classname="TestClasses.LoginTest" name="SuccessfulLogin" time="2.261"/>
  <testcase classname="TestClasses.LoginTest" name="SuccessfulLogin" time="2.075"/>
  <testcase classname="TestClasses.LoginTest" name="Check_Optioncount_and_data" time="0.0">
    <ignored/>
  </testcase> <!-- Check_Optioncount_and_data -->
  <testcase classname="TestClasses.LoginTest" name="Invalid_UsernamePassword" time="0.0">
    <ignored/>
  </testcase> <!-- Invalid_UsernamePassword -->
</testsuite> <!-- Test -->
