<?xml version="1.0" encoding="UTF-8"?>
<testsuite xmlns:xsi="http://www.w3.org/2001/XMLSchema-instance" xsi:noNamespaceSchemaLocation="https://maven.apache.org/surefire/maven-surefire-plugin/xsd/surefire-test-report.xsd" version="3.0.2" name="TestClasses.LoginTest" time="3.036" tests="21" errors="0" skipped="20" failures="1">
  <properties>
[...]
</properties>
  <testcase name="prerequsite" classname="TestClasses.LoginTest" time="2.057">
    <failure message="&#10;Parameter &apos;Browsername&apos; is required by BeforeMethod on method prerequsite but has not been marked @Optional or defined&#10;" type="org.testng.TestNGException"><![CDATA[org.testng.TestNGException: 

Parameter 'Browsername' is required by BeforeMethod on method prerequsite but has not been marked @Optional or defined

	at org.testng.internal.Parameters.createParams(Parameters.java:267)
	at org.testng.internal.Parameters.createParametersForMethod(Parameters.java:355)
	at org.testng.internal.Parameters.createParameters(Parameters.java:684)
	at org.testng.internal.Parameters.createConfigurationParameters(Parameters.java:166)
	at org.testng.internal.invokers.ConfigInvoker.invokeConfigurations(ConfigInvoker.java:277)
	at org.testng.internal.invokers.TestInvoker.runConfigMethods(TestInvoker.java:823)
	at org.testng.internal.invokers.TestInvoker.invokeMethod(TestInvoker.java:590)
	at org.testng.internal.invokers.TestInvoker.invokeTestMethod(TestInvoker.java:221)
	at org.testng.internal.invokers.MethodRunner.runInSequence(MethodRunner.java:50)
	at org.testng.internal.invokers.TestInvoker$MethodInvocationAgent.invoke(TestInvoker.java:969)
	at org.testng.internal.invokers.TestInvoker.invokeTestMethods(TestInvoker.java:194)
	at org.testng.internal.invokers.TestMethodWorker.invokeTestMethods(TestMethodWorker.java:148)
	at org.testng.internal.invokers.TestMethodWorker.run(TestMethodWorker.java:128)
	at java.base/java.util.ArrayList.forEach(ArrayList.java:1596)
	at org.testng.TestRunner.privateRun(TestRunner.java:829)
	at org.testng.TestRunner.run(TestRunner.java:602)
	at org.testng.SuiteRunner.runTest(SuiteRunner.java:437)
	at org.testng.SuiteRunner.runSequentially(SuiteRunner.java:431)
	at org.testng.SuiteRunner.privateRun(SuiteRunner.java:391)
	at org.testng.SuiteRunner.run(SuiteRunner.java:330)
	at org.testng.SuiteRunnerWorker.runSuite(SuiteRunnerWorker.java:52)
	at org.testng.SuiteRunnerWorker.run(SuiteRunnerWorker.java:95)
	at org.testng.TestNG.runSuitesSequentially(TestNG.java:1256)
	at org.testng.TestNG.runSuitesLocally(TestNG.java:1176)
	at org.testng.TestNG.runSuites(TestNG.java:1099)
	at org.testng.TestNG.run(TestNG.java:1067)
	at org.apache.maven.surefire.testng.TestNGExecutor.run(TestNGExecutor.java:155)
	at org.apache.maven.surefire.testng.TestNGDirectoryTestSuite.executeSingleClass(TestNGDirectoryTestSuite.java:102)
	at org.apache.maven.surefire.testng.TestNGDirectoryTestSuite.execute(TestNGDirectoryTestSuite.java:91)
	at org.apache.maven.surefire.testng.TestNGProvider.invoke(TestNGProvider.java:137)
	at org.apache.maven.surefire.booter.ForkedBooter.runSuitesInProcess(ForkedBooter.java:385)
	at org.apache.maven.surefire.booter.ForkedBooter.execute(ForkedBooter.java:162)
	at org.apache.maven.surefire.booter.ForkedBooter.run(ForkedBooter.java:507)
	at org.apache.maven.surefire.booter.ForkedBooter.main(ForkedBooter.java:495)
]]></failure>
    <system-out><![CDATA[C:\Projects\Hybrid_OpenMrs\OpenMrsMain
file path is : C:\Projects\Hybrid_OpenMrs\OpenMrsMain\src\main\java\properties\config.properties
]]></system-out>
    <system-err><![CDATA[SLF4J: Failed to load class "org.slf4j.impl.StaticLoggerBinder".
SLF4J: Defaulting to no-operation (NOP) logger implementation
SLF4J: See http://www.slf4j.org/codes.html#StaticLoggerBinder for further details.
ERROR StatusLogger Log4j2 could not find a logging implementation. Please add log4j-core to the classpath. Using SimpleLogger to log to the console...
]]></system-err>
  </testcase>
  <testcase name="prerequsite" classname="TestClasses.LoginTest" time="0.0">
    <skipped/>
  </testcase>
  <testcase name="prerequsite" classname="TestClasses.LoginTest" time="0.0">
    <skipped/>
  </testcase>
  <testcase name="prerequsite" classname="TestClasses.LoginTest" time="0.0">
    <skipped/>
  </testcase>
  <testcase name="prerequsite" classname="TestClasses.LoginTest" time="0.0">
    <skipped/>
  </testcase>
  <testcase name="prerequsite" classname="TestClasses.LoginTest" time="0.0">
    <skipped/>
  </testcase>
  <testcase name="prerequsite" classname="TestClasses.LoginTest" time="0.0">
    <skipped/>
  </testcase>
  <testcase name="SuccessfulLogin[admin, Admin123, Inpatient Ward](1)" classname="TestClasses.LoginTest" time="0.0">
    <skipped message="&#10;Parameter &apos;Browsername&apos; is required by BeforeMethod on method prerequsite but has not been marked @Optional or defined&#10;"/>
  </testcase>
  <testcase name="teardown" classname="TestClasses.LoginTest" time="0.0">
    <skipped/>
  </testcase>
  <testcase name="teardown" classname="TestClasses.LoginTest" time="0.0">
    <skipped/>
  </testcase>
  <testcase name="teardown" classname="TestClasses.LoginTest" time="0.0">
    <skipped/>
  </testcase>
  <testcase name="teardown" classname="TestClasses.LoginTest" time="0.0">
    <skipped/>
  </testcase>
  <testcase name="teardown" classname="TestClasses.LoginTest" time="0.0">
    <skipped/>
  </testcase>
  <testcase name="teardown" classname="TestClasses.LoginTest" time="0.0">
    <skipped/>
  </testcase>
  <testcase name="teardown" classname="TestClasses.LoginTest" time="0.0">
    <skipped/>
  </testcase>
  <testcase name="SuccessfulLogin[admin, Admin123, Isolation Ward](2)" classname="TestClasses.LoginTest" time="0.0">
    <skipped message="&#10;Parameter &apos;Browsername&apos; is required by BeforeMethod on method prerequsite but has not been marked @Optional or defined&#10;"/>
  </testcase>
  <testcase name="SuccessfulLogin[admin, Admin123, Laboratory](3)" classname="TestClasses.LoginTest" time="0.0">
    <skipped message="&#10;Parameter &apos;Browsername&apos; is required by BeforeMethod on method prerequsite but has not been marked @Optional or defined&#10;"/>
  </testcase>
  <testcase name="SuccessfulLogin[admin, Admin123, Outpatient Clinic](4)" classname="TestClasses.LoginTest" time="0.0">
    <skipped message="&#10;Parameter &apos;Browsername&apos; is required by BeforeMethod on method prerequsite but has not been marked @Optional or defined&#10;"/>
  </testcase>
  <testcase name="SuccessfulLogin[admin, Admin123, Pharmacy](5)" classname="TestClasses.LoginTest" time="0.0">
    <skipped message="&#10;Parameter &apos;Browsername&apos; is required by BeforeMethod on method prerequsite but has not been marked @Optional or defined&#10;"/>
  </testcase>
  <testcase name="SuccessfulLogin[admin, Admin123, Registration Desk](6)" classname="TestClasses.LoginTest" time="0.0">
    <skipped message="&#10;Parameter &apos;Browsername&apos; is required by BeforeMethod on method prerequsite but has not been marked @Optional or defined&#10;"/>
  </testcase>
  <testcase name="Check_Optioncount_and_data" classname="TestClasses.LoginTest" time="0.0">
    <skipped message="&#10;Parameter &apos;Browsername&apos; is required by BeforeMethod on method prerequsite but has not been marked @Optional or defined&#10;"/>
  </testcase>
</testsuite>