<?xml version="1.0" encoding="UTF-8"?>
<testng-results ignored="2" total="8" passed="6" failed="0" skipped="0">
  <reporter-output>
  </reporter-output>
  <suite started-at="2024-06-21T06:57:32 IST" name="Suite" finished-at="2024-06-21T06:58:49 IST" duration-ms="77860">
    <groups>
      <group name="Regression">
        <method signature="LoginTest.SuccessfulLogin(java.lang.String,java.lang.String,java.lang.String)[pri:2, instance:TestClasses.LoginTest@5bf8fa12]" name="SuccessfulLogin" class="TestClasses.LoginTest"/>
      </group> <!-- Regression -->
    </groups>
    <test started-at="2024-06-21T06:57:32 IST" name="Test" finished-at="2024-06-21T06:58:49 IST" duration-ms="77860">
      <class name="TestClasses.LoginTest">
        <test-method is-config="true" signature="prerequsite(java.lang.String)[pri:0, instance:TestClasses.LoginTest@5bf8fa12]" started-at="2024-06-21T06:57:33 IST" name="prerequsite" finished-at="2024-06-21T06:57:45 IST" duration-ms="12210" status="PASS">
          <params>
            <param index="0">
              <value>
                <![CDATA[chrome]]>
              </value>
            </param>
          </params>
          <reporter-output>
          </reporter-output>
        </test-method> <!-- prerequsite -->
        <test-method signature="SuccessfulLogin(java.lang.String,java.lang.String,java.lang.String)[pri:2, instance:TestClasses.LoginTest@5bf8fa12]" started-at="2024-06-21T06:57:45 IST" name="SuccessfulLogin" data-provider="SuccessfulLogin_getdata" finished-at="2024-06-21T06:57:51 IST" duration-ms="5683" status="PASS">
          <params>
            <param index="0">
              <value>
                <![CDATA[admin]]>
              </value>
            </param>
            <param index="1">
              <value>
                <![CDATA[Admin123]]>
              </value>
            </param>
            <param index="2">
              <value>
                <![CDATA[Inpatient Ward]]>
              </value>
            </param>
          </params>
          <reporter-output>
          </reporter-output>
        </test-method> <!-- SuccessfulLogin -->
        <test-method is-config="true" signature="teardown()[pri:0, instance:TestClasses.LoginTest@5bf8fa12]" started-at="2024-06-21T06:57:51 IST" name="teardown" finished-at="2024-06-21T06:57:52 IST" duration-ms="968" status="PASS">
          <reporter-output>
          </reporter-output>
        </test-method> <!-- teardown -->
        <test-method is-config="true" signature="prerequsite(java.lang.String)[pri:0, instance:TestClasses.LoginTest@5bf8fa12]" started-at="2024-06-21T06:57:52 IST" name="prerequsite" finished-at="2024-06-21T06:58:02 IST" duration-ms="10513" status="PASS">
          <params>
            <param index="0">
              <value>
                <![CDATA[chrome]]>
              </value>
            </param>
          </params>
          <reporter-output>
          </reporter-output>
        </test-method> <!-- prerequsite -->
        <test-method signature="SuccessfulLogin(java.lang.String,java.lang.String,java.lang.String)[pri:2, instance:TestClasses.LoginTest@5bf8fa12]" started-at="2024-06-21T06:58:02 IST" name="SuccessfulLogin" data-provider="SuccessfulLogin_getdata" finished-at="2024-06-21T06:58:05 IST" duration-ms="2165" status="PASS">
          <params>
            <param index="0">
              <value>
                <![CDATA[admin]]>
              </value>
            </param>
            <param index="1">
              <value>
                <![CDATA[Admin123]]>
              </value>
            </param>
            <param index="2">
              <value>
                <![CDATA[Isolation Ward]]>
              </value>
            </param>
          </params>
          <reporter-output>
          </reporter-output>
        </test-method> <!-- SuccessfulLogin -->
        <test-method is-config="true" signature="teardown()[pri:0, instance:TestClasses.LoginTest@5bf8fa12]" started-at="2024-06-21T06:58:05 IST" name="teardown" finished-at="2024-06-21T06:58:06 IST" duration-ms="1715" status="PASS">
          <reporter-output>
          </reporter-output>
        </test-method> <!-- teardown -->
        <test-method is-config="true" signature="prerequsite(java.lang.String)[pri:0, instance:TestClasses.LoginTest@5bf8fa12]" started-at="2024-06-21T06:58:06 IST" name="prerequsite" finished-at="2024-06-21T06:58:11 IST" duration-ms="4535" status="PASS">
          <params>
            <param index="0">
              <value>
                <![CDATA[chrome]]>
              </value>
            </param>
          </params>
          <reporter-output>
          </reporter-output>
        </test-method> <!-- prerequsite -->
        <test-method signature="SuccessfulLogin(java.lang.String,java.lang.String,java.lang.String)[pri:2, instance:TestClasses.LoginTest@5bf8fa12]" started-at="2024-06-21T06:58:11 IST" name="SuccessfulLogin" data-provider="SuccessfulLogin_getdata" finished-at="2024-06-21T06:58:17 IST" duration-ms="6553" status="PASS">
          <params>
            <param index="0">
              <value>
                <![CDATA[admin]]>
              </value>
            </param>
            <param index="1">
              <value>
                <![CDATA[Admin123]]>
              </value>
            </param>
            <param index="2">
              <value>
                <![CDATA[Laboratory]]>
              </value>
            </param>
          </params>
          <reporter-output>
          </reporter-output>
        </test-method> <!-- SuccessfulLogin -->
        <test-method is-config="true" signature="teardown()[pri:0, instance:TestClasses.LoginTest@5bf8fa12]" started-at="2024-06-21T06:58:17 IST" name="teardown" finished-at="2024-06-21T06:58:18 IST" duration-ms="779" status="PASS">
          <reporter-output>
          </reporter-output>
        </test-method> <!-- teardown -->
        <test-method is-config="true" signature="prerequsite(java.lang.String)[pri:0, instance:TestClasses.LoginTest@5bf8fa12]" started-at="2024-06-21T06:58:18 IST" name="prerequsite" finished-at="2024-06-21T06:58:25 IST" duration-ms="6612" status="PASS">
          <params>
            <param index="0">
              <value>
                <![CDATA[chrome]]>
              </value>
            </param>
          </params>
          <reporter-output>
          </reporter-output>
        </test-method> <!-- prerequsite -->
        <test-method signature="SuccessfulLogin(java.lang.String,java.lang.String,java.lang.String)[pri:2, instance:TestClasses.LoginTest@5bf8fa12]" started-at="2024-06-21T06:58:25 IST" name="SuccessfulLogin" data-provider="SuccessfulLogin_getdata" finished-at="2024-06-21T06:58:27 IST" duration-ms="2595" status="PASS">
          <params>
            <param index="0">
              <value>
                <![CDATA[admin]]>
              </value>
            </param>
            <param index="1">
              <value>
                <![CDATA[Admin123]]>
              </value>
            </param>
            <param index="2">
              <value>
                <![CDATA[Outpatient Clinic]]>
              </value>
            </param>
          </params>
          <reporter-output>
          </reporter-output>
        </test-method> <!-- SuccessfulLogin -->
        <test-method is-config="true" signature="teardown()[pri:0, instance:TestClasses.LoginTest@5bf8fa12]" started-at="2024-06-21T06:58:27 IST" name="teardown" finished-at="2024-06-21T06:58:28 IST" duration-ms="832" status="PASS">
          <reporter-output>
          </reporter-output>
        </test-method> <!-- teardown -->
        <test-method is-config="true" signature="prerequsite(java.lang.String)[pri:0, instance:TestClasses.LoginTest@5bf8fa12]" started-at="2024-06-21T06:58:28 IST" name="prerequsite" finished-at="2024-06-21T06:58:36 IST" duration-ms="7736" status="PASS">
          <params>
            <param index="0">
              <value>
                <![CDATA[chrome]]>
              </value>
            </param>
          </params>
          <reporter-output>
          </reporter-output>
        </test-method> <!-- prerequsite -->
        <test-method signature="SuccessfulLogin(java.lang.String,java.lang.String,java.lang.String)[pri:2, instance:TestClasses.LoginTest@5bf8fa12]" started-at="2024-06-21T06:58:36 IST" name="SuccessfulLogin" data-provider="SuccessfulLogin_getdata" finished-at="2024-06-21T06:58:38 IST" duration-ms="2261" status="PASS">
          <params>
            <param index="0">
              <value>
                <![CDATA[admin]]>
              </value>
            </param>
            <param index="1">
              <value>
                <![CDATA[Admin123]]>
              </value>
            </param>
            <param index="2">
              <value>
                <![CDATA[Pharmacy]]>
              </value>
            </param>
          </params>
          <reporter-output>
          </reporter-output>
        </test-method> <!-- SuccessfulLogin -->
        <test-method is-config="true" signature="teardown()[pri:0, instance:TestClasses.LoginTest@5bf8fa12]" started-at="2024-06-21T06:58:38 IST" name="teardown" finished-at="2024-06-21T06:58:39 IST" duration-ms="928" status="PASS">
          <reporter-output>
          </reporter-output>
        </test-method> <!-- teardown -->
        <test-method is-config="true" signature="prerequsite(java.lang.String)[pri:0, instance:TestClasses.LoginTest@5bf8fa12]" started-at="2024-06-21T06:58:39 IST" name="prerequsite" finished-at="2024-06-21T06:58:46 IST" duration-ms="7267" status="PASS">
          <params>
            <param index="0">
              <value>
                <![CDATA[chrome]]>
              </value>
            </param>
          </params>
          <reporter-output>
          </reporter-output>
        </test-method> <!-- prerequsite -->
        <test-method signature="SuccessfulLogin(java.lang.String,java.lang.String,java.lang.String)[pri:2, instance:TestClasses.LoginTest@5bf8fa12]" started-at="2024-06-21T06:58:46 IST" name="SuccessfulLogin" data-provider="SuccessfulLogin_getdata" finished-at="2024-06-21T06:58:49 IST" duration-ms="2075" status="PASS">
          <params>
            <param index="0">
              <value>
                <![CDATA[admin]]>
              </value>
            </param>
            <param index="1">
              <value>
                <![CDATA[Admin123]]>
              </value>
            </param>
            <param index="2">
              <value>
                <![CDATA[Registration Desk]]>
              </value>
            </param>
          </params>
          <reporter-output>
          </reporter-output>
        </test-method> <!-- SuccessfulLogin -->
        <test-method is-config="true" signature="teardown()[pri:0, instance:TestClasses.LoginTest@5bf8fa12]" started-at="2024-06-21T06:58:49 IST" name="teardown" finished-at="2024-06-21T06:58:49 IST" duration-ms="854" status="PASS">
          <reporter-output>
          </reporter-output>
        </test-method> <!-- teardown -->
      </class> <!-- TestClasses.LoginTest -->
    </test> <!-- Test -->
  </suite> <!-- Suite -->
</testng-results>
